2025-12-08 16:51:46,332 - User Created with name 'Àî³¬'.
2025-12-08 16:51:46,803 - User Created with name 'ºÎ¾²'.
2025-12-08 16:51:47,256 - User Created with name '»Æ³¬'.
2025-12-08 16:51:47,725 - User Created with name 'ÂíÏ¼'.
2025-12-08 16:51:48,206 - User Created with name 'Íõ¾²'.
2025-12-08 16:51:48,682 - User Created with name 'ÕÔÄÈ'.
2025-12-08 16:51:49,167 - User Created with name 'Îâ¾ê'.
2025-12-08 16:51:49,622 - User Created with name '¹ù³¬'.
2025-12-08 16:51:50,091 - User Created with name 'ÕÅ³¬'.
2025-12-08 16:51:50,544 - User Created with name 'ÀîÎ°'.
2025-12-08 16:51:51,013 - User Created with name '¸ß³¬'.
2025-12-08 16:51:51,479 - User Created with name 'ÁÖ¾ü'.
2025-12-08 16:51:51,944 - User Created with name 'ÖìÃ÷'.
2025-12-08 16:51:52,398 - User Created with name 'ÁõÄÈ'.
2025-12-08 16:51:52,866 - User Created with name 'ºÎÌÎ'.
2025-12-08 16:51:53,336 - User Created with name 'ÕÅÏ¼'.
2025-12-08 16:51:53,789 - User Created with name 'Ğì·¼'.
2025-12-08 16:51:54,256 - User Created with name 'ÕÔÌÎ'.
2025-12-08 16:51:54,734 - User Created with name 'ºúÏ¼'.
2025-12-08 16:51:55,203 - User Created with name 'ĞìÀö'.
2025-12-08 16:51:55,700 - User Created with name 'Ñî³¬'.
2025-12-08 16:51:56,768 - User Created with name 'ºÎÏ¼'.
2025-12-08 16:51:57,379 - User Created with name 'ÁõÏ¼'.
2025-12-08 16:51:57,854 - User Created with name '»ÆÏ¼'.
2025-12-08 16:51:58,370 - User Created with name 'ÍõÄÈ'.
2025-12-08 16:51:58,839 - User Created with name 'ÁõÀÚ'.
2025-12-08 16:51:59,307 - User Created with name '¹ù¾ü'.
2025-12-08 16:51:59,777 - User Created with name 'ÕÅ·¼'.
2025-12-08 16:52:00,256 - User Created with name 'ÁÖÄÈ'.
2025-12-08 16:52:00,737 - User Created with name 'ºÎ½Ü'.
2025-12-08 16:52:01,241 - User Created with name '³ÂÇ¿'.
2025-12-08 16:52:01,695 - User Created with name '³ÂÓÂ'.
2025-12-08 16:52:02,148 - User Created with name 'Íõ¾ü'.
2025-12-08 16:52:02,617 - User Created with name 'ÕÅÓÂ'.
2025-12-08 16:52:03,074 - User Created with name 'Áõ½Ü'.
2025-12-08 16:52:03,581 - User Created with name '³Â¾ü'.
2025-12-08 16:52:04,048 - User Created with name 'ÁõÇ¿'.
2025-12-09 10:47:06,909 - User Created with name 'Ö£½¨¾ü'.
2025-12-10 15:14:32,900 - User Created with name '»¢Àö·¼'.
2025-12-10 19:55:54,169 - User Created with name 'Ïò×ÏæÂ'.
2025-12-10 20:03:32,153 - User Created with name 'Ïò×ÏæÂ'.
2025-12-15 20:35:30,243 - User Created with name 'test1'.
2025-12-15 20:36:29,766 - User Created with name 'test2'.
2025-12-15 21:23:00,979 - User Created with name 'test3'.
2025-12-15 22:42:14,779 - User Created with name 'Ä¦ÄÈ'.
